<?xml version="1.0" encoding="utf-8"?><testsuites name="pytest tests"><testsuite name="pytest" errors="0" failures="0" skipped="0" tests="23" time="2.688" timestamp="2026-01-12T21:30:49.889250+00:00" hostname="agent-env-8b99a9e8-0458-4e0a-99e7-2e794069c890"><testcase classname="tests.test_portfolio_api.TestAuth" name="test_admin_login_success" time="0.057" /><testcase classname="tests.test_portfolio_api.TestAuth" name="test_admin_login_wrong_password" time="0.037" /><testcase classname="tests.test_portfolio_api.TestAuth" name="test_admin_verify_with_valid_token" time="0.080" /><testcase classname="tests.test_portfolio_api.TestAuth" name="test_admin_verify_without_token" time="0.036" /><testcase classname="tests.test_portfolio_api.TestProjects" name="test_get_all_projects" time="0.039" /><testcase classname="tests.test_portfolio_api.TestProjects" name="test_create_project" time="0.227" /><testcase classname="tests.test_portfolio_api.TestProjects" name="test_update_project" time="0.182" /><testcase classname="tests.test_portfolio_api.TestProjects" name="test_delete_project" time="0.187" /><testcase classname="tests.test_portfolio_api.TestAlbums" name="test_get_all_albums" time="0.033" /><testcase classname="tests.test_portfolio_api.TestAlbums" name="test_create_album" time="0.103" /><testcase classname="tests.test_portfolio_api.TestAlbums" name="test_delete_album" time="0.110" /><testcase classname="tests.test_portfolio_api.TestMedia" name="test_get_all_media" time="0.033" /><testcase classname="tests.test_portfolio_api.TestMedia" name="test_create_media" time="0.264" /><testcase classname="tests.test_portfolio_api.TestMedia" name="test_get_media_by_album" time="0.241" /><testcase classname="tests.test_portfolio_api.TestReviews" name="test_get_all_reviews" time="0.036" /><testcase classname="tests.test_portfolio_api.TestReviews" name="test_create_review" time="0.107" /><testcase classname="tests.test_portfolio_api.TestReviews" name="test_update_review" time="0.208" /><testcase classname="tests.test_portfolio_api.TestReviews" name="test_delete_review" time="0.104" /><testcase classname="tests.test_portfolio_api.TestContact" name="test_send_contact_message" time="0.112" /><testcase classname="tests.test_portfolio_api.TestContact" name="test_get_contact_messages_requires_auth" time="0.033" /><testcase classname="tests.test_portfolio_api.TestContact" name="test_get_contact_messages_with_auth" time="0.097" /><testcase classname="tests.test_portfolio_api.TestContact" name="test_mark_message_read" time="0.184" /><testcase classname="tests.test_portfolio_api.TestProfile" name="test_get_profile" time="0.032" /></testsuite></testsuites>